生成启动时间为 2018/9/27 22:07:49。
     1>项目“C:\Users\Administrator\Desktop\test\platedetect_me\platedetect_me_cpp\platedetect_me_cpp\platedetect_me_cpp.vcxproj”在节点 2 上(build 个目标)。
     1>InitializeBuildStatus:
         正在对“Debug\platedetect_me_cpp.unsuccessfulbuild”执行 Touch 任务。
       ClCompile:
         d:\visual_studio_2010\VC\bin\CL.exe /c /ZI /nologo /W3 /WX- /Od /Oy- /D _MBCS /Gm /EHsc /RTC1 /MDd /GS /fp:precise /Zc:wchar_t /Zc:forScope /Fo"Debug\\" /Fd"Debug\vc100.pdb" /Gd /TP /analyze- /errorReport:prompt DetectRegions.cpp
         DetectRegions.cpp
     1>d:\program files (x86)\opencv\build\include\opencv2\flann\logger.h(66): warning C4996: 'fopen': This function or variable may be unsafe. Consider using fopen_s instead. To disable deprecation, use _CRT_SECURE_NO_WARNINGS. See online help for details.
                 d:\visual_studio_2010\vc\include\stdio.h(234) : 参见“fopen”的声明
     1>d:\program files (x86)\opencv\build\include\opencv2\legacy\blobtrack.hpp(187): warning C4996: 'strcpy': This function or variable may be unsafe. Consider using strcpy_s instead. To disable deprecation, use _CRT_SECURE_NO_WARNINGS. See online help for details.
                 d:\visual_studio_2010\vc\include\string.h(105) : 参见“strcpy”的声明
     1>d:\program files (x86)\opencv\build\include\opencv2\legacy\blobtrack.hpp(256): warning C4996: 'strcat': This function or variable may be unsafe. Consider using strcat_s instead. To disable deprecation, use _CRT_SECURE_NO_WARNINGS. See online help for details.
                 d:\visual_studio_2010\vc\include\string.h(110) : 参见“strcat”的声明
     1>c:\users\administrator\desktop\test\platedetect_me\platedetect_me_cpp\platedetect_me_cpp\detectregions.cpp(43): warning C4018: “<”: 有符号/无符号不匹配
     1>c:\users\administrator\desktop\test\platedetect_me\platedetect_me_cpp\platedetect_me_cpp\detectregions.cpp(72): warning C4018: “<”: 有符号/无符号不匹配
     1>c:\users\administrator\desktop\test\platedetect_me\platedetect_me_cpp\platedetect_me_cpp\detectregions.cpp(89): warning C4996: 'sprintf': This function or variable may be unsafe. Consider using sprintf_s instead. To disable deprecation, use _CRT_SECURE_NO_WARNINGS. See online help for details.
                 d:\visual_studio_2010\vc\include\stdio.h(371) : 参见“sprintf”的声明
     1>c:\users\administrator\desktop\test\platedetect_me\platedetect_me_cpp\platedetect_me_cpp\detectregions.cpp(91): warning C4018: “<”: 有符号/无符号不匹配
     1>c:\users\administrator\desktop\test\platedetect_me\platedetect_me_cpp\platedetect_me_cpp\detectregions.cpp(151): warning C4996: 'sprintf': This function or variable may be unsafe. Consider using sprintf_s instead. To disable deprecation, use _CRT_SECURE_NO_WARNINGS. See online help for details.
                 d:\visual_studio_2010\vc\include\stdio.h(371) : 参见“sprintf”的声明
     1>c:\users\administrator\desktop\test\platedetect_me\platedetect_me_cpp\platedetect_me_cpp\detectregions.cpp(218): warning C4244: “初始化”: 从“float”转换到“int”，可能丢失数据
     1>c:\users\administrator\desktop\test\platedetect_me\platedetect_me_cpp\platedetect_me_cpp\detectregions.cpp(295): warning C4305: “初始化”: 从“double”到“float”截断
     1>c:\users\administrator\desktop\test\platedetect_me\platedetect_me_cpp\platedetect_me_cpp\detectregions.cpp(297): warning C4244: “初始化”: 从“float”转换到“int”，可能丢失数据
     1>c:\users\administrator\desktop\test\platedetect_me\platedetect_me_cpp\platedetect_me_cpp\detectregions.cpp(298): warning C4244: “初始化”: 从“float”转换到“int”，可能丢失数据
     1>c:\users\administrator\desktop\test\platedetect_me\platedetect_me_cpp\platedetect_me_cpp\detectregions.cpp(302): warning C4244: “初始化”: 从“float”转换到“int”，可能丢失数据
     1>c:\users\administrator\desktop\test\platedetect_me\platedetect_me_cpp\platedetect_me_cpp\detectregions.cpp(344): warning C4244: “参数”: 从“double”转换到“int”，可能丢失数据
     1>c:\users\administrator\desktop\test\platedetect_me\platedetect_me_cpp\platedetect_me_cpp\detectregions.cpp(344): warning C4244: “参数”: 从“double”转换到“int”，可能丢失数据
     1>c:\users\administrator\desktop\test\platedetect_me\platedetect_me_cpp\platedetect_me_cpp\detectregions.cpp(346): warning C4244: “初始化”: 从“const float”转换到“int”，可能丢失数据
     1>c:\users\administrator\desktop\test\platedetect_me\platedetect_me_cpp\platedetect_me_cpp\detectregions.cpp(347): warning C4244: “初始化”: 从“const float”转换到“int”，可能丢失数据
     1>c:\users\administrator\desktop\test\platedetect_me\platedetect_me_cpp\platedetect_me_cpp\detectregions.cpp(358): warning C4244: “参数”: 从“int”转换到“float”，可能丢失数据
     1>c:\users\administrator\desktop\test\platedetect_me\platedetect_me_cpp\platedetect_me_cpp\detectregions.cpp(358): warning C4244: “参数”: 从“int”转换到“float”，可能丢失数据
     1>c:\users\administrator\desktop\test\platedetect_me\platedetect_me_cpp\platedetect_me_cpp\detectregions.cpp(359): warning C4244: “参数”: 从“int”转换到“float”，可能丢失数据
     1>c:\users\administrator\desktop\test\platedetect_me\platedetect_me_cpp\platedetect_me_cpp\detectregions.cpp(359): warning C4244: “参数”: 从“int”转换到“float”，可能丢失数据
     1>c:\users\administrator\desktop\test\platedetect_me\platedetect_me_cpp\platedetect_me_cpp\detectregions.cpp(443): warning C4244: “参数”: 从“double”转换到“float”，可能丢失数据
     1>c:\users\administrator\desktop\test\platedetect_me\platedetect_me_cpp\platedetect_me_cpp\detectregions.cpp(444): warning C4244: “参数”: 从“int”转换到“float”，可能丢失数据
     1>c:\users\administrator\desktop\test\platedetect_me\platedetect_me_cpp\platedetect_me_cpp\detectregions.cpp(444): warning C4244: “参数”: 从“double”转换到“float”，可能丢失数据
     1>c:\users\administrator\desktop\test\platedetect_me\platedetect_me_cpp\platedetect_me_cpp\detectregions.cpp(445): warning C4244: “参数”: 从“double”转换到“float”，可能丢失数据
     1>c:\users\administrator\desktop\test\platedetect_me\platedetect_me_cpp\platedetect_me_cpp\detectregions.cpp(446): warning C4244: “参数”: 从“double”转换到“float”，可能丢失数据
     1>c:\users\administrator\desktop\test\platedetect_me\platedetect_me_cpp\platedetect_me_cpp\detectregions.cpp(447): warning C4244: “参数”: 从“int”转换到“float”，可能丢失数据
     1>c:\users\administrator\desktop\test\platedetect_me\platedetect_me_cpp\platedetect_me_cpp\detectregions.cpp(447): warning C4244: “参数”: 从“double”转换到“float”，可能丢失数据
     1>c:\users\administrator\desktop\test\platedetect_me\platedetect_me_cpp\platedetect_me_cpp\detectregions.cpp(452): warning C4244: “参数”: 从“double”转换到“float”，可能丢失数据
     1>c:\users\administrator\desktop\test\platedetect_me\platedetect_me_cpp\platedetect_me_cpp\detectregions.cpp(453): warning C4244: “参数”: 从“int”转换到“float”，可能丢失数据
     1>c:\users\administrator\desktop\test\platedetect_me\platedetect_me_cpp\platedetect_me_cpp\detectregions.cpp(454): warning C4244: “参数”: 从“int”转换到“float”，可能丢失数据
     1>c:\users\administrator\desktop\test\platedetect_me\platedetect_me_cpp\platedetect_me_cpp\detectregions.cpp(456): warning C4244: “参数”: 从“double”转换到“float”，可能丢失数据
     1>c:\users\administrator\desktop\test\platedetect_me\platedetect_me_cpp\platedetect_me_cpp\detectregions.cpp(457): warning C4244: “参数”: 从“double”转换到“float”，可能丢失数据
     1>c:\users\administrator\desktop\test\platedetect_me\platedetect_me_cpp\platedetect_me_cpp\detectregions.cpp(458): warning C4244: “参数”: 从“int”转换到“float”，可能丢失数据
     1>c:\users\administrator\desktop\test\platedetect_me\platedetect_me_cpp\platedetect_me_cpp\detectregions.cpp(458): warning C4244: “参数”: 从“double”转换到“float”，可能丢失数据
       Link:
         d:\visual_studio_2010\VC\bin\link.exe /ERRORREPORT:PROMPT /OUT:"C:\Users\Administrator\Desktop\test\platedetect_me\platedetect_me_cpp\Debug\platedetect_me_cpp.exe" /NOLOGO opencv_ml249d.lib opencv_calib3d249d.lib opencv_contrib249d.lib opencv_core249d.lib opencv_features2d249d.lib opencv_flann249d.lib opencv_gpu249d.lib opencv_highgui249d.lib opencv_imgproc249d.lib opencv_legacy249d.lib opencv_objdetect249d.lib opencv_ts249d.lib opencv_video249d.lib opencv_nonfree249d.lib opencv_ocl249d.lib opencv_photo249d.lib opencv_stitching249d.lib opencv_superres249d.lib opencv_videostab249d.lib kernel32.lib user32.lib gdi32.lib winspool.lib comdlg32.lib advapi32.lib shell32.lib ole32.lib oleaut32.lib uuid.lib odbc32.lib odbccp32.lib /MANIFEST /ManifestFile:"Debug\platedetect_me_cpp.exe.intermediate.manifest" /MANIFESTUAC:"level='asInvoker' uiAccess='false'" /DEBUG /PDB:"C:\Users\Administrator\Desktop\test\platedetect_me\platedetect_me_cpp\Debug\platedetect_me_cpp.pdb" /TLBID:1 /DYNAMICBASE /NXCOMPAT /IMPLIB:"C:\Users\Administrator\Desktop\test\platedetect_me\platedetect_me_cpp\Debug\platedetect_me_cpp.lib" /MACHINE:X86 Debug\DetectRegions.obj
         Debug\main.obj
         platedetect_me_cpp.vcxproj -> C:\Users\Administrator\Desktop\test\platedetect_me\platedetect_me_cpp\Debug\platedetect_me_cpp.exe
       Manifest:
         C:\Program Files (x86)\Microsoft SDKs\Windows\v7.0A\bin\mt.exe /nologo /verbose /outputresource:"C:\Users\Administrator\Desktop\test\platedetect_me\platedetect_me_cpp\Debug\platedetect_me_cpp.exe;#1" /manifest Debug\platedetect_me_cpp.exe.intermediate.manifest
       FinalizeBuildStatus:
         正在删除文件“Debug\platedetect_me_cpp.unsuccessfulbuild”。
         正在对“Debug\platedetect_me_cpp.lastbuildstate”执行 Touch 任务。
     1>已完成生成项目“C:\Users\Administrator\Desktop\test\platedetect_me\platedetect_me_cpp\platedetect_me_cpp\platedetect_me_cpp.vcxproj”(build 个目标)的操作。

生成成功。

已用时间 00:00:02.62
