e:\vs2010projects\svm\svm\debug\main.obj
e:\vs2010projects\svm\svm\debug\vc100.pdb
e:\vs2010projects\svm\debug\svm.ilk
e:\vs2010projects\svm\debug\svm.exe
e:\vs2010projects\svm\svm\debug\svm.exe.intermediate.manifest
e:\vs2010projects\svm\debug\svm.pdb
e:\vs2010projects\svm\svm\debug\svm.exe.embed.manifest
e:\vs2010projects\svm\svm\debug\svm.exe.embed.manifest.res
e:\long-2017-04-14\3.代码down\代码参考\2.车牌识别\源码\svm\svm\debug\main.obj
e:\long-2017-04-14\3.代码down\代码参考\2.车牌识别\源码\svm\svm\debug\cl.command.1.tlog
e:\long-2017-04-14\3.代码down\代码参考\2.车牌识别\源码\svm\svm\debug\cl.read.1.tlog
e:\long-2017-04-14\3.代码down\代码参考\2.车牌识别\源码\svm\svm\debug\cl.write.1.tlog
e:\long-2017-04-14\3.代码down\代码参考\2.车牌识别\源码\svm\svm\debug\link-cvtres.read.1.tlog
e:\long-2017-04-14\3.代码down\代码参考\2.车牌识别\源码\svm\svm\debug\link-cvtres.write.1.tlog
e:\long-2017-04-14\3.代码down\代码参考\2.车牌识别\源码\svm\svm\debug\link.8116-cvtres.read.1.tlog
e:\long-2017-04-14\3.代码down\代码参考\2.车牌识别\源码\svm\svm\debug\link.8116-cvtres.write.1.tlog
e:\long-2017-04-14\3.代码down\代码参考\2.车牌识别\源码\svm\svm\debug\link.8116.read.1.tlog
e:\long-2017-04-14\3.代码down\代码参考\2.车牌识别\源码\svm\svm\debug\link.8116.write.1.tlog
e:\long-2017-04-14\3.代码down\代码参考\2.车牌识别\源码\svm\svm\debug\link.command.1.tlog
e:\long-2017-04-14\3.代码down\代码参考\2.车牌识别\源码\svm\svm\debug\link.read.1.tlog
e:\long-2017-04-14\3.代码down\代码参考\2.车牌识别\源码\svm\svm\debug\link.write.1.tlog
e:\long-2017-04-14\3.代码down\代码参考\2.车牌识别\源码\svm\svm\debug\mt.command.1.tlog
e:\long-2017-04-14\3.代码down\代码参考\2.车牌识别\源码\svm\svm\debug\mt.read.1.tlog
e:\long-2017-04-14\3.代码down\代码参考\2.车牌识别\源码\svm\svm\debug\mt.write.1.tlog
e:\long-2017-04-14\3.代码down\代码参考\2.车牌识别\源码\svm\svm\debug\rc.command.1.tlog
e:\long-2017-04-14\3.代码down\代码参考\2.车牌识别\源码\svm\svm\debug\rc.read.1.tlog
e:\long-2017-04-14\3.代码down\代码参考\2.车牌识别\源码\svm\svm\debug\rc.write.1.tlog
e:\long-2017-04-14\3.代码down\代码参考\2.车牌识别\源码\svm\svm\debug\svm.write.1.tlog
e:\long-2017-04-14\3.代码down\代码参考\2.车牌识别\源码\svm\svm\debug\svm.exe.embed.manifest
e:\long-2017-04-14\3.代码down\代码参考\2.车牌识别\源码\svm\svm\debug\svm.exe.intermediate.manifest
e:\long-2017-04-14\3.代码down\代码参考\2.车牌识别\源码\svm\svm\debug\svm.exe.embed.manifest.res
e:\long-2017-04-14\3.代码down\代码参考\2.车牌识别\源码\svm\svm\debug\vc100.idb
e:\long-2017-04-14\3.代码down\代码参考\2.车牌识别\源码\svm\svm\debug\vc100.pdb
e:\long-2017-04-14\3.代码down\代码参考\2.车牌识别\源码\svm\svm\debug\svm_manifest.rc
e:\long-2017-04-14\3.代码down\代码参考\2.车牌识别\源码\svm\debug\svm.pdb
e:\long-2017-04-14\3.代码down\代码参考\2.车牌识别\源码\svm\debug\svm.exe
e:\long-2017-04-14\3.代码down\代码参考\2.车牌识别\源码\svm\debug\svm.ilk
