生成启动时间为 2015/7/4 15:00:28。
     1>项目“G:\研究生课程1\模式识别实践课20141219\2.模式识别实践课作业2-熊召龙-201421014656\SVM_HOG\SVM_HOG\SVM_HOG.vcxproj”在节点 2 上(build 个目标)。
     1>InitializeBuildStatus:
         正在创建“Debug\SVM_HOG.unsuccessfulbuild”，因为已指定“AlwaysCreate”。
       ClCompile:
         E:\BigProgram\installVS2010\VC\bin\CL.exe /c /ZI /nologo /W3 /WX- /Od /Oy- /D WIN32 /D _DEBUG /D _CONSOLE /D _UNICODE /D UNICODE /Gm /EHsc /RTC1 /MDd /GS /fp:precise /Zc:wchar_t /Zc:forScope /Fo"Debug\\" /Fd"Debug\vc100.pdb" /Gd /TP /analyze- /errorReport:prompt main.cpp
         main.cpp
     1>g:\研究生课程1\模式识别实践课20141219\2.模式识别实践课作业2-熊召龙-201421014656\svm_hog\svm_hog\main.cpp(30): warning C4244: “初始化”: 从“float”转换到“int”，可能丢失数据
     1>g:\研究生课程1\模式识别实践课20141219\2.模式识别实践课作业2-熊召龙-201421014656\svm_hog\svm_hog\main.cpp(54): warning C4018: “<”: 有符号/无符号不匹配
     1>g:\研究生课程1\模式识别实践课20141219\2.模式识别实践课作业2-熊召龙-201421014656\svm_hog\svm_hog\main.cpp(66): warning C4018: “<”: 有符号/无符号不匹配
     1>g:\研究生课程1\模式识别实践课20141219\2.模式识别实践课作业2-熊召龙-201421014656\svm_hog\svm_hog\main.cpp(209): warning C4244: “=”: 从“int”转换到“float”，可能丢失数据
     1>g:\研究生课程1\模式识别实践课20141219\2.模式识别实践课作业2-熊召龙-201421014656\svm_hog\svm_hog\main.cpp(45): warning C4101: “dir”: 未引用的局部变量
     1>g:\研究生课程1\模式识别实践课20141219\2.模式识别实践课作业2-熊召龙-201421014656\svm_hog\svm_hog\main.cpp(237): warning C4996: 'sprintf': This function or variable may be unsafe. Consider using sprintf_s instead. To disable deprecation, use _CRT_SECURE_NO_WARNINGS. See online help for details.
                 e:\bigprogram\installvs2010\vc\include\stdio.h(371) : 参见“sprintf”的声明
       ManifestResourceCompile:
         C:\Program Files (x86)\Microsoft SDKs\Windows\v7.0A\bin\rc.exe /nologo /fo"Debug\SVM_HOG.exe.embed.manifest.res" Debug\SVM_HOG_manifest.rc 
       Link:
         E:\BigProgram\installVS2010\VC\bin\link.exe /ERRORREPORT:PROMPT /OUT:"G:\研究生课程1\模式识别实践课20141219\2.模式识别实践课作业2-熊召龙-201421014656\SVM_HOG\Debug\SVM_HOG.exe" /INCREMENTAL /NOLOGO opencv_ml2410d.lib opencv_calib3d2410d.lib opencv_contrib2410d.lib opencv_core2410d.lib opencv_features2d2410d.lib opencv_flann2410d.lib opencv_gpu2410d.lib opencv_highgui2410d.lib opencv_imgproc2410d.lib opencv_legacy2410d.lib opencv_objdetect2410d.lib opencv_ts2410d.lib opencv_video2410d.lib opencv_nonfree2410d.lib opencv_ocl2410d.lib opencv_photo2410d.lib opencv_stitching2410d.lib opencv_superres2410d.lib opencv_videostab2410d.lib kernel32.lib user32.lib gdi32.lib winspool.lib comdlg32.lib advapi32.lib shell32.lib ole32.lib oleaut32.lib uuid.lib odbc32.lib odbccp32.lib /MANIFEST /ManifestFile:"Debug\SVM_HOG.exe.intermediate.manifest" /MANIFESTUAC:"level='asInvoker' uiAccess='false'" /DEBUG /PDB:"G:\研究生课程1\模式识别实践课20141219\2.模式识别实践课作业2-熊召龙-201421014656\SVM_HOG\Debug\SVM_HOG.pdb" /SUBSYSTEM:CONSOLE /TLBID:1 /DYNAMICBASE /NXCOMPAT /IMPLIB:"G:\研究生课程1\模式识别实践课20141219\2.模式识别实践课作业2-熊召龙-201421014656\SVM_HOG\Debug\SVM_HOG.lib" /MACHINE:X86 Debug\SVM_HOG.exe.embed.manifest.res
         Debug\main.obj
       Manifest:
         C:\Program Files (x86)\Microsoft SDKs\Windows\v7.0A\bin\mt.exe /nologo /verbose /out:"Debug\SVM_HOG.exe.embed.manifest" /manifest Debug\SVM_HOG.exe.intermediate.manifest
         所有输出均为最新。
       LinkEmbedManifest:
         所有输出均为最新。
         SVM_HOG.vcxproj -> G:\研究生课程1\模式识别实践课20141219\2.模式识别实践课作业2-熊召龙-201421014656\SVM_HOG\Debug\SVM_HOG.exe
       FinalizeBuildStatus:
         正在删除文件“Debug\SVM_HOG.unsuccessfulbuild”。
         正在对“Debug\SVM_HOG.lastbuildstate”执行 Touch 任务。
     1>已完成生成项目“G:\研究生课程1\模式识别实践课20141219\2.模式识别实践课作业2-熊召龙-201421014656\SVM_HOG\SVM_HOG\SVM_HOG.vcxproj”(build 个目标)的操作。

生成成功。

已用时间 00:00:05.69
